<?xml version="1.0" encoding="UTF-8"?>
<testng-results ignored="0" total="4" passed="4" failed="0" skipped="0">
  <reporter-output>
  </reporter-output>
  <suite started-at="2022-02-16T01:39:50 IST" name="Suite" finished-at="2022-02-16T01:40:32 IST" duration-ms="41816">
    <groups>
    </groups>
    <test started-at="2022-02-16T01:39:50 IST" name="ChromeTest" finished-at="2022-02-16T01:40:10 IST" duration-ms="19718">
      <class name="test.AmazonHomePageTest">
        <test-method is-config="true" signature="lunchBrowser(java.lang.String)[pri:0, instance:test.AmazonHomePageTest@67a20f67]" started-at="2022-02-16T01:39:50 IST" name="lunchBrowser" finished-at="2022-02-16T01:39:53 IST" duration-ms="3263" status="PASS">
          <params>
            <param index="0">
              <value>
                <![CDATA[chrome]]>
              </value>
            </param>
          </params>
          <reporter-output>
          </reporter-output>
        </test-method> <!-- lunchBrowser -->
        <test-method is-config="true" signature="clickOnSignUpOfHomepage()[pri:0, instance:test.AmazonHomePageTest@67a20f67]" started-at="2022-02-16T01:39:53 IST" name="clickOnSignUpOfHomepage" finished-at="2022-02-16T01:39:54 IST" duration-ms="908" status="PASS">
          <reporter-output>
          </reporter-output>
        </test-method> <!-- clickOnSignUpOfHomepage -->
        <test-method is-config="true" signature="loginPage()[pri:0, instance:test.AmazonHomePageTest@67a20f67]" started-at="2022-02-16T01:39:54 IST" name="loginPage" finished-at="2022-02-16T01:39:56 IST" duration-ms="1912" status="PASS">
          <reporter-output>
          </reporter-output>
        </test-method> <!-- loginPage -->
        <test-method signature="toVerifyTodaysDealTab()[pri:1, instance:test.AmazonHomePageTest@67a20f67]" started-at="2022-02-16T01:39:56 IST" name="toVerifyTodaysDealTab" finished-at="2022-02-16T01:40:00 IST" duration-ms="3430" status="PASS">
          <reporter-output>
          </reporter-output>
        </test-method> <!-- toVerifyTodaysDealTab -->
        <test-method is-config="true" signature="logOut(org.testng.ITestResult)[pri:0, instance:test.AmazonHomePageTest@67a20f67]" started-at="2022-02-16T01:40:00 IST" name="logOut" finished-at="2022-02-16T01:40:01 IST" duration-ms="1695" status="PASS">
          <params>
            <param index="0">
              <value>
                <![CDATA[[TestResult name=toVerifyTodaysDealTab status=SUCCESS method=AmazonHomePageTest.toVerifyTodaysDealTab()[pri:1, instance:test.AmazonHomePageTest@67a20f67] output={null}]]]>
              </value>
            </param>
          </params>
          <reporter-output>
          </reporter-output>
        </test-method> <!-- logOut -->
        <test-method is-config="true" signature="loginPage()[pri:0, instance:test.AmazonHomePageTest@67a20f67]" started-at="2022-02-16T01:40:01 IST" name="loginPage" finished-at="2022-02-16T01:40:02 IST" duration-ms="1133" status="PASS">
          <reporter-output>
          </reporter-output>
        </test-method> <!-- loginPage -->
        <test-method signature="toVerifyHomeAndKitchenTab()[pri:2, instance:test.AmazonHomePageTest@67a20f67]" started-at="2022-02-16T01:40:02 IST" name="toVerifyHomeAndKitchenTab" finished-at="2022-02-16T01:40:07 IST" duration-ms="5056" status="PASS">
          <reporter-output>
          </reporter-output>
        </test-method> <!-- toVerifyHomeAndKitchenTab -->
        <test-method is-config="true" signature="logOut(org.testng.ITestResult)[pri:0, instance:test.AmazonHomePageTest@67a20f67]" started-at="2022-02-16T01:40:07 IST" name="logOut" finished-at="2022-02-16T01:40:09 IST" duration-ms="1811" status="PASS">
          <params>
            <param index="0">
              <value>
                <![CDATA[[TestResult name=toVerifyHomeAndKitchenTab status=SUCCESS method=AmazonHomePageTest.toVerifyHomeAndKitchenTab()[pri:2, instance:test.AmazonHomePageTest@67a20f67] output={null}]]]>
              </value>
            </param>
          </params>
          <reporter-output>
          </reporter-output>
        </test-method> <!-- logOut -->
        <test-method is-config="true" signature="clearObject()[pri:0, instance:test.AmazonHomePageTest@67a20f67]" started-at="2022-02-16T01:40:09 IST" name="clearObject" finished-at="2022-02-16T01:40:09 IST" duration-ms="0" status="PASS">
          <reporter-output>
          </reporter-output>
        </test-method> <!-- clearObject -->
        <test-method is-config="true" signature="quitBrowser()[pri:0, instance:test.AmazonHomePageTest@67a20f67]" started-at="2022-02-16T01:40:09 IST" name="quitBrowser" finished-at="2022-02-16T01:40:10 IST" duration-ms="443" status="PASS">
          <reporter-output>
          </reporter-output>
        </test-method> <!-- quitBrowser -->
      </class> <!-- test.AmazonHomePageTest -->
    </test> <!-- ChromeTest -->
    <test started-at="2022-02-16T01:40:10 IST" name="EdgeTest" finished-at="2022-02-16T01:40:32 IST" duration-ms="22077">
      <class name="test.AmazonHomePageTest">
        <test-method is-config="true" signature="lunchBrowser(java.lang.String)[pri:0, instance:test.AmazonHomePageTest@5f058f00]" started-at="2022-02-16T01:40:10 IST" name="lunchBrowser" finished-at="2022-02-16T01:40:16 IST" duration-ms="5871" status="PASS">
          <params>
            <param index="0">
              <value>
                <![CDATA[edge]]>
              </value>
            </param>
          </params>
          <reporter-output>
          </reporter-output>
        </test-method> <!-- lunchBrowser -->
        <test-method is-config="true" signature="clickOnSignUpOfHomepage()[pri:0, instance:test.AmazonHomePageTest@5f058f00]" started-at="2022-02-16T01:40:16 IST" name="clickOnSignUpOfHomepage" finished-at="2022-02-16T01:40:17 IST" duration-ms="994" status="PASS">
          <reporter-output>
          </reporter-output>
        </test-method> <!-- clickOnSignUpOfHomepage -->
        <test-method is-config="true" signature="loginPage()[pri:0, instance:test.AmazonHomePageTest@5f058f00]" started-at="2022-02-16T01:40:17 IST" name="loginPage" finished-at="2022-02-16T01:40:18 IST" duration-ms="1162" status="PASS">
          <reporter-output>
          </reporter-output>
        </test-method> <!-- loginPage -->
        <test-method signature="toVerifyTodaysDealTab()[pri:1, instance:test.AmazonHomePageTest@5f058f00]" started-at="2022-02-16T01:40:18 IST" name="toVerifyTodaysDealTab" finished-at="2022-02-16T01:40:22 IST" duration-ms="4161" status="PASS">
          <reporter-output>
          </reporter-output>
        </test-method> <!-- toVerifyTodaysDealTab -->
        <test-method is-config="true" signature="logOut(org.testng.ITestResult)[pri:0, instance:test.AmazonHomePageTest@5f058f00]" started-at="2022-02-16T01:40:22 IST" name="logOut" finished-at="2022-02-16T01:40:24 IST" duration-ms="1606" status="PASS">
          <params>
            <param index="0">
              <value>
                <![CDATA[[TestResult name=toVerifyTodaysDealTab status=SUCCESS method=AmazonHomePageTest.toVerifyTodaysDealTab()[pri:1, instance:test.AmazonHomePageTest@5f058f00] output={null}]]]>
              </value>
            </param>
          </params>
          <reporter-output>
          </reporter-output>
        </test-method> <!-- logOut -->
        <test-method is-config="true" signature="loginPage()[pri:0, instance:test.AmazonHomePageTest@5f058f00]" started-at="2022-02-16T01:40:24 IST" name="loginPage" finished-at="2022-02-16T01:40:25 IST" duration-ms="1054" status="PASS">
          <reporter-output>
          </reporter-output>
        </test-method> <!-- loginPage -->
        <test-method signature="toVerifyHomeAndKitchenTab()[pri:2, instance:test.AmazonHomePageTest@5f058f00]" started-at="2022-02-16T01:40:25 IST" name="toVerifyHomeAndKitchenTab" finished-at="2022-02-16T01:40:30 IST" duration-ms="5085" status="PASS">
          <reporter-output>
          </reporter-output>
        </test-method> <!-- toVerifyHomeAndKitchenTab -->
        <test-method is-config="true" signature="logOut(org.testng.ITestResult)[pri:0, instance:test.AmazonHomePageTest@5f058f00]" started-at="2022-02-16T01:40:30 IST" name="logOut" finished-at="2022-02-16T01:40:31 IST" duration-ms="1582" status="PASS">
          <params>
            <param index="0">
              <value>
                <![CDATA[[TestResult name=toVerifyHomeAndKitchenTab status=SUCCESS method=AmazonHomePageTest.toVerifyHomeAndKitchenTab()[pri:2, instance:test.AmazonHomePageTest@5f058f00] output={null}]]]>
              </value>
            </param>
          </params>
          <reporter-output>
          </reporter-output>
        </test-method> <!-- logOut -->
        <test-method is-config="true" signature="clearObject()[pri:0, instance:test.AmazonHomePageTest@5f058f00]" started-at="2022-02-16T01:40:31 IST" name="clearObject" finished-at="2022-02-16T01:40:31 IST" duration-ms="1" status="PASS">
          <reporter-output>
          </reporter-output>
        </test-method> <!-- clearObject -->
        <test-method is-config="true" signature="quitBrowser()[pri:0, instance:test.AmazonHomePageTest@5f058f00]" started-at="2022-02-16T01:40:31 IST" name="quitBrowser" finished-at="2022-02-16T01:40:32 IST" duration-ms="556" status="PASS">
          <reporter-output>
          </reporter-output>
        </test-method> <!-- quitBrowser -->
      </class> <!-- test.AmazonHomePageTest -->
    </test> <!-- EdgeTest -->
  </suite> <!-- Suite -->
</testng-results>
