<?xml version="1.0" encoding="UTF-8"?>
<!-- Generated by org.testng.reporters.JUnitXMLReporter -->
<testsuite ignored="0" hostname="DESKTOP-HDU24JP" failures="0" tests="2" name="FireFoxTest" time="19.124" errors="0" timestamp="2022-02-14T19:31:43 IST">
  <testcase classname="test.AmazonHomePageTest" name="@AfterMethod logOut" time="0.615">
    <failure type="org.openqa.selenium.ElementNotInteractableException" message="Element &amp;lt;a id=&amp;quot;nav-item-signout&amp;quot; class=&amp;quot;nav-link nav-item&amp;quot; href=&amp;quot;/gp/flex/sign-out.html?path=%2Fgp%2Fyourstore%2Fhome&amp;amp;signIn=1&amp;amp;useRedirectOnSuccess=1&amp;amp;action=sign-out&amp;amp;ref_=nav_AccountFlyout_signout&amp;quot;&amp;gt; could not be scrolled into view
Build info: version: &amp;apos;3.141.59&amp;apos;, revision: &amp;apos;e82be7d358&amp;apos;, time: &amp;apos;2018-11-14T08:17:03&amp;apos;
System info: host: &amp;apos;DESKTOP-HDU24JP&amp;apos;, ip: &amp;apos;192.168.0.186&amp;apos;, os.name: &amp;apos;Windows 10&amp;apos;, os.arch: &amp;apos;amd64&amp;apos;, os.version: &amp;apos;10.0&amp;apos;, java.version: &amp;apos;16&amp;apos;
Driver info: org.openqa.selenium.firefox.FirefoxDriver
Capabilities {acceptInsecureCerts: true, browserName: firefox, browserVersion: 97.0, javascriptEnabled: true, moz:accessibilityChecks: false, moz:buildID: 20220202182137, moz:geckodriverVersion: 0.30.0, moz:headless: false, moz:processID: 29152, moz:profile: C:\Users\hp\AppData\Local\T..., moz:shutdownTimeout: 60000, moz:useNonSpecCompliantPointerOrigin: false, moz:webdriverClick: true, pageLoadStrategy: normal, platform: WINDOWS, platformName: WINDOWS, platformVersion: 10.0, proxy: Proxy(), setWindowRect: true, strictFileInteractability: false, timeouts: {implicit: 0, pageLoad: 300000, script: 30000}, unhandledPromptBehavior: dismiss and notify}
Session ID: 54bd5550-6a8e-4505-bf30-676e8a11ba84">
      <![CDATA[org.openqa.selenium.ElementNotInteractableException: Element <a id="nav-item-signout" class="nav-link nav-item" href="/gp/flex/sign-out.html?path=%2Fgp%2Fyourstore%2Fhome&signIn=1&useRedirectOnSuccess=1&action=sign-out&ref_=nav_AccountFlyout_signout"> could not be scrolled into view
Build info: version: '3.141.59', revision: 'e82be7d358', time: '2018-11-14T08:17:03'
System info: host: 'DESKTOP-HDU24JP', ip: '192.168.0.186', os.name: 'Windows 10', os.arch: 'amd64', os.version: '10.0', java.version: '16'
Driver info: org.openqa.selenium.firefox.FirefoxDriver
Capabilities {acceptInsecureCerts: true, browserName: firefox, browserVersion: 97.0, javascriptEnabled: true, moz:accessibilityChecks: false, moz:buildID: 20220202182137, moz:geckodriverVersion: 0.30.0, moz:headless: false, moz:processID: 29152, moz:profile: C:\Users\hp\AppData\Local\T..., moz:shutdownTimeout: 60000, moz:useNonSpecCompliantPointerOrigin: false, moz:webdriverClick: true, pageLoadStrategy: normal, platform: WINDOWS, platformName: WINDOWS, platformVersion: 10.0, proxy: Proxy(), setWindowRect: true, strictFileInteractability: false, timeouts: {implicit: 0, pageLoad: 300000, script: 30000}, unhandledPromptBehavior: dismiss and notify}
Session ID: 54bd5550-6a8e-4505-bf30-676e8a11ba84
at org.openqa.selenium.remote.http.W3CHttpResponseCodec.createException(W3CHttpResponseCodec.java:187)
at org.openqa.selenium.remote.http.W3CHttpResponseCodec.decode(W3CHttpResponseCodec.java:122)
at org.openqa.selenium.remote.http.W3CHttpResponseCodec.decode(W3CHttpResponseCodec.java:49)
at org.openqa.selenium.remote.HttpCommandExecutor.execute(HttpCommandExecutor.java:158)
at org.openqa.selenium.remote.service.DriverCommandExecutor.execute(DriverCommandExecutor.java:83)
at org.openqa.selenium.remote.RemoteWebDriver.execute(RemoteWebDriver.java:552)
at org.openqa.selenium.remote.RemoteWebElement.execute(RemoteWebElement.java:285)
at org.openqa.selenium.remote.RemoteWebElement.click(RemoteWebElement.java:84)
at org.openqa.selenium.support.pagefactory.internal.LocatingElementHandler.invoke(LocatingElementHandler.java:51)
at jdk.proxy2/jdk.proxy2.$Proxy17.click(Unknown Source)
at pom.SignOutAmazon.clickOnSignOut(SignOutAmazon.java:30)
at test.AmazonHomePageTest.logOut(AmazonHomePageTest.java:89)
at java.base/java.util.ArrayList.forEach(ArrayList.java:1511)
... Removed 40 stack frames]]>
    </failure>
  </testcase> <!-- @AfterMethod logOut -->
  <testcase classname="test.AmazonHomePageTest" name="@BeforeMethod loginPage" time="-1.6448473031E9">
    <skipped/>
  </testcase> <!-- @BeforeMethod loginPage -->
  <testcase classname="test.AmazonHomePageTest" name="@AfterMethod logOut" time="-1.644847303108E9">
    <skipped/>
  </testcase> <!-- @AfterMethod logOut -->
  <testcase classname="test.AmazonHomePageTest" name="@AfterClass clearObject" time="-1.64484730311E9">
    <skipped/>
  </testcase> <!-- @AfterClass clearObject -->
  <testcase classname="test.AmazonHomePageTest" name="@AfterTest quitBrowser" time="-1.644847303111E9">
    <skipped/>
  </testcase> <!-- @AfterTest quitBrowser -->
  <testcase classname="test.AmazonHomePageTest" name="toVerifyTodaysDealTab" time="1.864"/>
  <testcase classname="test.AmazonHomePageTest" name="toVerifyHomeAndKitchenTab" time="0.0">
    <skipped/>
  </testcase> <!-- toVerifyHomeAndKitchenTab -->
</testsuite> <!-- FireFoxTest -->
