<?xml version="1.0" encoding="UTF-8"?>
<!-- Generated by org.testng.reporters.JUnitXMLReporter -->
<testsuite ignored="1" hostname="DESKTOP-HDU24JP" failures="0" tests="1" name="EdgeTest(failed)" time="23.912" errors="0" timestamp="2022-02-15T00:23:17 IST">
  <testcase classname="test.AmazonHomePageTest" name="toVerifyTodaysDealTab" time="8.28"/>
  <testcase classname="test.AmazonHomePageTest" name="toVerifyHomeAndKitchenTab" time="0.0">
    <ignored/>
  </testcase> <!-- toVerifyHomeAndKitchenTab -->
</testsuite> <!-- EdgeTest(failed) -->
